Command line invocation:
    /Applications/Xcode.app/Contents/Developer/usr/bin/xcodebuild -project NurVakti.xcodeproj -scheme NurVakti -configuration Debug -sdk iphoneos build CODE_SIGNING_ALLOWED=NO

Build settings from command line:
    CODE_SIGNING_ALLOWED = NO
    SDKROOT = iphoneos26.1

2026-03-23 18:40:11.080 xcodebuild[53380:135616999] [MT] IDERunDestination: Supported platforms for the buildables in the current scheme is empty.
--- xcodebuild: WARNING: Using the first of multiple matching destinations:
{ platform:iOS, id:dvtdevice-DVTiPhonePlaceholder-iphoneos:placeholder, name:Any iOS Device }
{ platform:macOS, arch:undefined_arch, variant:Designed for [iPad,iPhone], id:00006020-00117184366B401E, name:My Mac, error:Xcode doesn’t support My Mac’s macOS 15.7.2 (24G325).  }
{ platform:iOS Simulator, id:dvtdevice-DVTiOSDeviceSimulatorPlaceholder-iphonesimulator:placeholder, name:Any iOS Simulator Device }
{ platform:iOS Simulator, arch:arm64, id:2ECC9246-3D08-47B9-88B1-7A1688A9E3B4, OS:26.1, name:iPad (A16) }
{ platform:iOS Simulator, arch:arm64, id:2E04487C-C754-436A-ABAE-DB207CF1F810, OS:26.1, name:iPad Air 11-inch (M3) }
{ platform:iOS Simulator, arch:arm64, id:4CF0AF51-1A62-4315-959A-8A6CBA9350C4, OS:26.1, name:iPad Air 13-inch (M3) }
{ platform:iOS Simulator, arch:arm64, id:07623ABA-7E22-46C9-B76D-0FBE73BC9762, OS:26.1, name:iPad Pro 11-inch (M5) }
{ platform:iOS Simulator, arch:arm64, id:0AB10263-5267-4C7C-8A3B-3AB5E0DBE3A5, OS:26.1, name:iPad Pro 13-inch (M5) }
{ platform:iOS Simulator, arch:arm64, id:E0E9B1DB-1FAE-43F6-9DF2-0A1545D5B75A, OS:26.1, name:iPad mini (A17 Pro) }
{ platform:iOS Simulator, arch:arm64, id:1DC9713C-99AE-4F34-B307-5F58344703D8, OS:26.1, name:iPhone 13 }
{ platform:iOS Simulator, arch:arm64, id:C1F29DD2-BE33-47F8-80FD-89A2DDDCF3D8, OS:26.1, name:iPhone 16e }
{ platform:iOS Simulator, arch:arm64, id:E4B4AB15-2237-405D-AAD4-23336FB10888, OS:26.1, name:iPhone 17 }
{ platform:iOS Simulator, arch:arm64, id:07091DBA-5ED4-442B-9946-892F3AB093DD, OS:26.1, name:iPhone 17 Pro }
{ platform:iOS Simulator, arch:arm64, id:EBCCFB84-B1A9-4AB6-8C45-5992A9469387, OS:26.1, name:iPhone 17 Pro Max }
{ platform:iOS Simulator, arch:arm64, id:0219F24F-CBB8-4903-9D60-98675571AD3A, OS:26.1, name:iPhone Air }
{ platform:iOS, arch:arm64, id:00008110-0006653C3C92401E, name:Yakup iPhone 13  }
ComputePackagePrebuildTargetDependencyGraph

Prepare packages

CreateBuildRequest

SendProjectDescription

CreateBuildOperation

ComputeTargetDependencyGraph
note: Building targets in dependency order
note: Target dependency graph (1 target)
    Target 'NurVakti' in project 'NurVakti' (no dependencies)

GatherProvisioningInputs

CreateBuildDescription

ExecuteExternalTool /Applications/Xcode.app/Contents/Developer/Toolchains/XcodeDefault.xctoolchain/usr/bin/clang -v -E -dM -isysroot /Applications/Xcode.app/Contents/Developer/Platforms/iPhoneOS.platform/Developer/SDKs/iPhoneOS26.1.sdk -x c -c /dev/null

ExecuteExternalTool /Applications/Xcode.app/Contents/Developer/usr/bin/momc --dry-run --action generate --swift-version 5.0 --sdkroot /Applications/Xcode.app/Contents/Developer/Platforms/iPhoneOS.platform/Developer/SDKs/iPhoneOS26.1.sdk --iphoneos-deployment-target 26.1 --module NurVakti /Users/yakupsuda/YakupSuda_Projeler/QuranApp/NurVakti/Resources/NurVakti.xcdatamodeld /Users/yakupsuda/Library/Developer/Xcode/DerivedData/NurVakti-cheathitegrullcaifchmmgaczyp/Build/Intermediates.noindex/NurVakti.build/Debug-iphoneos/NurVakti.build/DerivedSources/CoreDataGenerated/NurVakti

ExecuteExternalTool /Applications/Xcode.app/Contents/Developer/usr/bin/actool --print-asset-tag-combinations --output-format xml1 /Users/yakupsuda/YakupSuda_Projeler/QuranApp/NurVakti/Resources/Assets.xcassets

ExecuteExternalTool /Applications/Xcode.app/Contents/Developer/usr/bin/actool --version --output-format xml1

ExecuteExternalTool /Applications/Xcode.app/Contents/Developer/Toolchains/XcodeDefault.xctoolchain/usr/bin/swiftc --version

ExecuteExternalTool /Applications/Xcode.app/Contents/Developer/Toolchains/XcodeDefault.xctoolchain/usr/bin/ld -version_details

Build description signature: 30bde9947b02e526cfd711840edcdd8f
Build description path: /Users/yakupsuda/Library/Developer/Xcode/DerivedData/NurVakti-cheathitegrullcaifchmmgaczyp/Build/Intermediates.noindex/XCBuildData/30bde9947b02e526cfd711840edcdd8f.xcbuilddata
ClangStatCache /Applications/Xcode.app/Contents/Developer/Toolchains/XcodeDefault.xctoolchain/usr/bin/clang-stat-cache /Applications/Xcode.app/Contents/Developer/Platforms/iPhoneOS.platform/Developer/SDKs/iPhoneOS26.1.sdk /Users/yakupsuda/Library/Developer/Xcode/DerivedData/SDKStatCaches.noindex/iphoneos26.1-23B77-69b33fc7382b27d9b5d46e82a00f8e78.sdkstatcache
    cd /Users/yakupsuda/YakupSuda_Projeler/QuranApp/NurVakti/NurVakti.xcodeproj
    /Applications/Xcode.app/Contents/Developer/Toolchains/XcodeDefault.xctoolchain/usr/bin/clang-stat-cache /Applications/Xcode.app/Contents/Developer/Platforms/iPhoneOS.platform/Developer/SDKs/iPhoneOS26.1.sdk -o /Users/yakupsuda/Library/Developer/Xcode/DerivedData/SDKStatCaches.noindex/iphoneos26.1-23B77-69b33fc7382b27d9b5d46e82a00f8e78.sdkstatcache

warning: The Swift file "/Users/yakupsuda/Library/Developer/Xcode/DerivedData/NurVakti-cheathitegrullcaifchmmgaczyp/Build/Intermediates.noindex/NurVakti.build/Debug-iphoneos/NurVakti.build/DerivedSources/CoreDataGenerated/NurVakti/Item+CoreDataClass.swift" cannot be processed by a Copy Bundle Resources build phase (in target 'NurVakti' from project 'NurVakti')
warning: The Swift file "/Users/yakupsuda/Library/Developer/Xcode/DerivedData/NurVakti-cheathitegrullcaifchmmgaczyp/Build/Intermediates.noindex/NurVakti.build/Debug-iphoneos/NurVakti.build/DerivedSources/CoreDataGenerated/NurVakti/Item+CoreDataProperties.swift" cannot be processed by a Copy Bundle Resources build phase (in target 'NurVakti' from project 'NurVakti')
warning: The Swift file "/Users/yakupsuda/Library/Developer/Xcode/DerivedData/NurVakti-cheathitegrullcaifchmmgaczyp/Build/Intermediates.noindex/NurVakti.build/Debug-iphoneos/NurVakti.build/DerivedSources/CoreDataGenerated/NurVakti/NurVakti+CoreDataModel.swift" cannot be processed by a Copy Bundle Resources build phase (in target 'NurVakti' from project 'NurVakti')
WriteAuxiliaryFile /Users/yakupsuda/Library/Developer/Xcode/DerivedData/NurVakti-cheathitegrullcaifchmmgaczyp/Build/Intermediates.noindex/NurVakti.build/Debug-iphoneos/NurVakti.build/Objects-normal/arm64/NurVakti.LinkFileList (in target 'NurVakti' from project 'NurVakti')
    cd /Users/yakupsuda/YakupSuda_Projeler/QuranApp/NurVakti
    write-file /Users/yakupsuda/Library/Developer/Xcode/DerivedData/NurVakti-cheathitegrullcaifchmmgaczyp/Build/Intermediates.noindex/NurVakti.build/Debug-iphoneos/NurVakti.build/Objects-normal/arm64/NurVakti.LinkFileList

WriteAuxiliaryFile /Users/yakupsuda/Library/Developer/Xcode/DerivedData/NurVakti-cheathitegrullcaifchmmgaczyp/Build/Intermediates.noindex/NurVakti.build/Debug-iphoneos/NurVakti.build/Objects-normal/arm64/NurVakti.SwiftFileList (in target 'NurVakti' from project 'NurVakti')
    cd /Users/yakupsuda/YakupSuda_Projeler/QuranApp/NurVakti
    write-file /Users/yakupsuda/Library/Developer/Xcode/DerivedData/NurVakti-cheathitegrullcaifchmmgaczyp/Build/Intermediates.noindex/NurVakti.build/Debug-iphoneos/NurVakti.build/Objects-normal/arm64/NurVakti.SwiftFileList

WriteAuxiliaryFile /Users/yakupsuda/Library/Developer/Xcode/DerivedData/NurVakti-cheathitegrullcaifchmmgaczyp/Build/Intermediates.noindex/NurVakti.build/Debug-iphoneos/NurVakti.build/Objects-normal/arm64/NurVakti-OutputFileMap.json (in target 'NurVakti' from project 'NurVakti')
    cd /Users/yakupsuda/YakupSuda_Projeler/QuranApp/NurVakti
    write-file /Users/yakupsuda/Library/Developer/Xcode/DerivedData/NurVakti-cheathitegrullcaifchmmgaczyp/Build/Intermediates.noindex/NurVakti.build/Debug-iphoneos/NurVakti.build/Objects-normal/arm64/NurVakti-OutputFileMap.json

WriteAuxiliaryFile /Users/yakupsuda/Library/Developer/Xcode/DerivedData/NurVakti-cheathitegrullcaifchmmgaczyp/Build/Intermediates.noindex/NurVakti.build/Debug-iphoneos/NurVakti.build/Objects-normal/arm64/NurVakti.SwiftConstValuesFileList (in target 'NurVakti' from project 'NurVakti')
    cd /Users/yakupsuda/YakupSuda_Projeler/QuranApp/NurVakti
    write-file /Users/yakupsuda/Library/Developer/Xcode/DerivedData/NurVakti-cheathitegrullcaifchmmgaczyp/Build/Intermediates.noindex/NurVakti.build/Debug-iphoneos/NurVakti.build/Objects-normal/arm64/NurVakti.SwiftConstValuesFileList

ProcessInfoPlistFile /Users/yakupsuda/Library/Developer/Xcode/DerivedData/NurVakti-cheathitegrullcaifchmmgaczyp/Build/Products/Debug-iphoneos/NurVakti.app/Info.plist /Users/yakupsuda/Library/Developer/Xcode/DerivedData/NurVakti-cheathitegrullcaifchmmgaczyp/Build/Intermediates.noindex/NurVakti.build/Debug-iphoneos/NurVakti.build/empty-NurVakti.plist (in target 'NurVakti' from project 'NurVakti')
    cd /Users/yakupsuda/YakupSuda_Projeler/QuranApp/NurVakti
    builtin-infoPlistUtility /Users/yakupsuda/Library/Developer/Xcode/DerivedData/NurVakti-cheathitegrullcaifchmmgaczyp/Build/Intermediates.noindex/NurVakti.build/Debug-iphoneos/NurVakti.build/empty-NurVakti.plist -producttype com.apple.product-type.application -genpkginfo /Users/yakupsuda/Library/Developer/Xcode/DerivedData/NurVakti-cheathitegrullcaifchmmgaczyp/Build/Products/Debug-iphoneos/NurVakti.app/PkgInfo -expandbuildsettings -format binary -platform iphoneos -additionalcontentfile /Users/yakupsuda/Library/Developer/Xcode/DerivedData/NurVakti-cheathitegrullcaifchmmgaczyp/Build/Intermediates.noindex/NurVakti.build/Debug-iphoneos/NurVakti.build/assetcatalog_generated_info.plist -requiredArchitecture arm64 -o /Users/yakupsuda/Library/Developer/Xcode/DerivedData/NurVakti-cheathitegrullcaifchmmgaczyp/Build/Products/Debug-iphoneos/NurVakti.app/Info.plist

SwiftDriver NurVakti normal arm64 com.apple.xcode.tools.swift.compiler (in target 'NurVakti' from project 'NurVakti')
    cd /Users/yakupsuda/YakupSuda_Projeler/QuranApp/NurVakti
    builtin-SwiftDriver -- /Applications/Xcode.app/Contents/Developer/Toolchains/XcodeDefault.xctoolchain/usr/bin/swiftc -module-name NurVakti -Onone -enforce-exclusivity\=checked @/Users/yakupsuda/Library/Developer/Xcode/DerivedData/NurVakti-cheathitegrullcaifchmmgaczyp/Build/Intermediates.noindex/NurVakti.build/Debug-iphoneos/NurVakti.build/Objects-normal/arm64/NurVakti.SwiftFileList -DDEBUG -default-isolation\=MainActor -enable-bare-slash-regex -enable-upcoming-feature DisableOutwardActorInference -enable-upcoming-feature InferSendableFromCaptures -enable-upcoming-feature GlobalActorIsolatedTypesUsability -enable-upcoming-feature MemberImportVisibility -enable-upcoming-feature InferIsolatedConformances -enable-upcoming-feature NonisolatedNonsendingByDefault -enable-experimental-feature DebugDescriptionMacro -sdk /Applications/Xcode.app/Contents/Developer/Platforms/iPhoneOS.platform/Developer/SDKs/iPhoneOS26.1.sdk -target arm64-apple-ios26.1 -g -module-cache-path /Users/yakupsuda/Library/Developer/Xcode/DerivedData/ModuleCache.noindex -Xfrontend -serialize-debugging-options -enable-testing -index-store-path /Users/yakupsuda/Library/Developer/Xcode/DerivedData/NurVakti-cheathitegrullcaifchmmgaczyp/Index.noindex/DataStore -Xcc -D_LIBCPP_HARDENING_MODE\=_LIBCPP_HARDENING_MODE_DEBUG -swift-version 5 -I /Users/yakupsuda/Library/Developer/Xcode/DerivedData/NurVakti-cheathitegrullcaifchmmgaczyp/Build/Products/Debug-iphoneos -F /Users/yakupsuda/Library/Developer/Xcode/DerivedData/NurVakti-cheathitegrullcaifchmmgaczyp/Build/Products/Debug-iphoneos -emit-localized-strings -emit-localized-strings-path /Users/yakupsuda/Library/Developer/Xcode/DerivedData/NurVakti-cheathitegrullcaifchmmgaczyp/Build/Intermediates.noindex/NurVakti.build/Debug-iphoneos/NurVakti.build/Objects-normal/arm64 -c -j12 -enable-batch-mode -incremental -Xcc -ivfsstatcache -Xcc /Users/yakupsuda/Library/Developer/Xcode/DerivedData/SDKStatCaches.noindex/iphoneos26.1-23B77-69b33fc7382b27d9b5d46e82a00f8e78.sdkstatcache -output-file-map /Users/yakupsuda/Library/Developer/Xcode/DerivedData/NurVakti-cheathitegrullcaifchmmgaczyp/Build/Intermediates.noindex/NurVakti.build/Debug-iphoneos/NurVakti.build/Objects-normal/arm64/NurVakti-OutputFileMap.json -use-frontend-parseable-output -save-temps -no-color-diagnostics -explicit-module-build -module-cache-path /Users/yakupsuda/Library/Developer/Xcode/DerivedData/NurVakti-cheathitegrullcaifchmmgaczyp/Build/Intermediates.noindex/SwiftExplicitPrecompiledModules -clang-scanner-module-cache-path /Users/yakupsuda/Library/Developer/Xcode/DerivedData/ModuleCache.noindex -sdk-module-cache-path /Users/yakupsuda/Library/Developer/Xcode/DerivedData/ModuleCache.noindex -serialize-diagnostics -emit-dependencies -emit-module -emit-module-path /Users/yakupsuda/Library/Developer/Xcode/DerivedData/NurVakti-cheathitegrullcaifchmmgaczyp/Build/Intermediates.noindex/NurVakti.build/Debug-iphoneos/NurVakti.build/Objects-normal/arm64/NurVakti.swiftmodule -validate-clang-modules-once -clang-build-session-file /Users/yakupsuda/Library/Developer/Xcode/DerivedData/ModuleCache.noindex/Session.modulevalidation -Xcc -I/Users/yakupsuda/Library/Developer/Xcode/DerivedData/NurVakti-cheathitegrullcaifchmmgaczyp/Build/Intermediates.noindex/NurVakti.build/Debug-iphoneos/NurVakti.build/swift-overrides.hmap -emit-const-values -Xfrontend -const-gather-protocols-file -Xfrontend /Users/yakupsuda/Library/Developer/Xcode/DerivedData/NurVakti-cheathitegrullcaifchmmgaczyp/Build/Intermediates.noindex/NurVakti.build/Debug-iphoneos/NurVakti.build/Objects-normal/arm64/NurVakti_const_extract_protocols.json -Xcc -iquote -Xcc /Users/yakupsuda/Library/Developer/Xcode/DerivedData/NurVakti-cheathitegrullcaifchmmgaczyp/Build/Intermediates.noindex/NurVakti.build/Debug-iphoneos/NurVakti.build/NurVakti-generated-files.hmap -Xcc -I/Users/yakupsuda/Library/Developer/Xcode/DerivedData/NurVakti-cheathitegrullcaifchmmgaczyp/Build/Intermediates.noindex/NurVakti.build/Debug-iphoneos/NurVakti.build/NurVakti-own-target-headers.hmap -Xcc -I/Users/yakupsuda/Library/Developer/Xcode/DerivedData/NurVakti-cheathitegrullcaifchmmgaczyp/Build/Intermediates.noindex/NurVakti.build/Debug-iphoneos/NurVakti.build/NurVakti-all-target-headers.hmap -Xcc -iquote -Xcc /Users/yakupsuda/Library/Developer/Xcode/DerivedData/NurVakti-cheathitegrullcaifchmmgaczyp/Build/Intermediates.noindex/NurVakti.build/Debug-iphoneos/NurVakti.build/NurVakti-project-headers.hmap -Xcc -I/Users/yakupsuda/Library/Developer/Xcode/DerivedData/NurVakti-cheathitegrullcaifchmmgaczyp/Build/Products/Debug-iphoneos/include -Xcc -I/Users/yakupsuda/Library/Developer/Xcode/DerivedData/NurVakti-cheathitegrullcaifchmmgaczyp/Build/Intermediates.noindex/NurVakti.build/Debug-iphoneos/NurVakti.build/DerivedSources-normal/arm64 -Xcc -I/Users/yakupsuda/Library/Developer/Xcode/DerivedData/NurVakti-cheathitegrullcaifchmmgaczyp/Build/Intermediates.noindex/NurVakti.build/Debug-iphoneos/NurVakti.build/DerivedSources/arm64 -Xcc -I/Users/yakupsuda/Library/Developer/Xcode/DerivedData/NurVakti-cheathitegrullcaifchmmgaczyp/Build/Intermediates.noindex/NurVakti.build/Debug-iphoneos/NurVakti.build/DerivedSources -Xcc -DDEBUG\=1 -emit-objc-header -emit-objc-header-path /Users/yakupsuda/Library/Developer/Xcode/DerivedData/NurVakti-cheathitegrullcaifchmmgaczyp/Build/Intermediates.noindex/NurVakti.build/Debug-iphoneos/NurVakti.build/Objects-normal/arm64/NurVakti-Swift.h -working-directory /Users/yakupsuda/YakupSuda_Projeler/QuranApp/NurVakti -experimental-emit-module-separately -disable-cmo

SwiftEmitModule normal arm64 Emitting\ module\ for\ NurVakti (in target 'NurVakti' from project 'NurVakti')

EmitSwiftModule normal arm64 (in target 'NurVakti' from project 'NurVakti')
    cd /Users/yakupsuda/YakupSuda_Projeler/QuranApp/NurVakti
    
/Users/yakupsuda/YakupSuda_Projeler/QuranApp/NurVakti/App/AppDelegate.swift:18:46: warning: 'OpenURLOptionsKey' was deprecated in iOS 26.0: Use UIScene lifecycle and equivalent properties on UISceneOpenURLOptions from a UIOpenURLContext in UIScene.ConnectionOptions.URLContexts instead.
                     options: [UIApplication.OpenURLOptionsKey: Any] = [:]) -> Bool {
                                             ^
/Users/yakupsuda/YakupSuda_Projeler/QuranApp/NurVakti/Services/AudioService.swift:8:17: warning: stored property 'synthesizer' of 'Sendable'-conforming class 'AudioService' has non-Sendable type 'AVSpeechSynthesizer'
    private let synthesizer = AVSpeechSynthesizer()
                ^
/Applications/Xcode.app/Contents/Developer/Platforms/iPhoneOS.platform/Developer/SDKs/iPhoneOS26.1.sdk/System/Library/Frameworks/AVFAudio.framework/Headers/AVSpeechSynthesis.h:227:12: note: class 'AVSpeechSynthesizer' does not conform to the 'Sendable' protocol
@interface AVSpeechSynthesizer : NSObject
           ^
/Users/yakupsuda/YakupSuda_Projeler/QuranApp/NurVakti/Core/Extensions/Bundle+Language.swift:6:13: warning: class 'BundleEx' must restate inherited '@unchecked Sendable' conformance
final class BundleEx: Bundle {
            ^
                            , @unchecked Sendable
/Users/yakupsuda/YakupSuda_Projeler/QuranApp/NurVakti/Core/Components/LanguagePicker.swift:48:5: warning: '@State' used inline will not work unless tagged with '@Previewable' (from macro 'Preview')
    @State var lang: LanguageCode = .tr
    ^
/Users/yakupsuda/YakupSuda_Projeler/QuranApp/NurVakti/Core/Components/LanguagePicker.swift:48:5: note: Add '@Previewable'
    @State var lang: LanguageCode = .tr
    ^~~~~~
    @Previewable @State
/Users/yakupsuda/YakupSuda_Projeler/QuranApp/NurVakti/Core/Components/DhikrCounterView.swift:145:5: warning: '@State' used inline will not work unless tagged with '@Previewable' (from macro 'Preview')
    @State var item = DhikrItem(id: UUID(), type: .subhanallah, arabicText: "سبحان الله", transliterationTR: "", meanings: [:], targetCount: 33, currentCount: 10, isCustom: false, vibrateOnCount: true, dailyCompletions: 0, totalCompletions: 0)
/Users/yakupsuda/YakupSuda_Projeler/QuranApp/NurVakti/Core/Components/DhikrCounterView.swift:145:5: note: Add '@Previewable'
    @State var item = DhikrItem(id: UUID(), type: .subhanallah, arabicText: "سبحان الله", transliterationTR: "", meanings: [:], targetCount: 33, currentCount: 10, isCustom: false, vibrateOnCount: true, dailyCompletions: 0, totalCompletions: 0)
/Users/yakupsuda/YakupSuda_Projeler/QuranApp/NurVakti/ViewModels/HomeViewModel.swift:27:45: warning: call to main actor-isolated initializer 'init()' in a synchronous nonisolated context
    init(prayerService: PrayerTimeService = PrayerTimeService(),
                                            ^
/Users/yakupsuda/YakupSuda_Projeler/QuranApp/NurVakti/Services/PrayerTimeService.swift:15:5: note: calls to initializer 'init()' from outside of its actor context are implicitly asynchronous
    init() {
    ^
/Users/yakupsuda/YakupSuda_Projeler/QuranApp/NurVakti/ViewModels/HomeViewModel.swift:28:45: warning: call to main actor-isolated initializer 'init()' in a synchronous nonisolated context
         locationService: LocationService = LocationService(),
                                            ^
/Users/yakupsuda/YakupSuda_Projeler/QuranApp/NurVakti/Services/LocationService.swift:14:14: note: calls to initializer 'init()' from outside of its actor context are implicitly asynchronous
    override init() {
             ^
/Users/yakupsuda/YakupSuda_Projeler/QuranApp/NurVakti/ViewModels/HomeViewModel.swift:29:49: warning: call to main actor-isolated initializer 'init()' in a synchronous nonisolated context
         bgService: BackgroundGradientService = BackgroundGradientService(),
                                                ^
/Users/yakupsuda/YakupSuda_Projeler/QuranApp/NurVakti/Services/BackgroundGradientService.swift:4:13: note: calls to initializer 'init()' from outside of its actor context are implicitly asynchronous
final class BackgroundGradientService: ObservableObject {
            ^
/Users/yakupsuda/YakupSuda_Projeler/QuranApp/NurVakti/ViewModels/HomeViewModel.swift:30:47: warning: main actor-isolated static property 'shared' can not be referenced from a nonisolated context
         notifService: NotificationService = .shared,
                                              ^
/Users/yakupsuda/YakupSuda_Projeler/QuranApp/NurVakti/Services/NotificationService.swift:6:16: note: static property declared here
    static let shared = NotificationService()
               ^
/Users/yakupsuda/YakupSuda_Projeler/QuranApp/NurVakti/ViewModels/HomeViewModel.swift:31:48: warning: main actor-isolated static property 'shared' can not be referenced from a nonisolated context
         persistService: PersistenceService = .shared) {
                                               ^
/Users/yakupsuda/YakupSuda_Projeler/QuranApp/NurVakti/Services/PersistenceService.swift:6:16: note: static property declared here
    static let shared = PersistenceService()
               ^
/Users/yakupsuda/YakupSuda_Projeler/QuranApp/NurVakti/ViewModels/SettingsViewModel.swift:19:48: warning: main actor-isolated static property 'shared' can not be referenced from a nonisolated context
    init(persistService: PersistenceService = .shared, notifService: NotificationService = .shared) {
                                               ^
/Users/yakupsuda/YakupSuda_Projeler/QuranApp/NurVakti/Services/PersistenceService.swift:6:16: note: static property declared here
    static let shared = PersistenceService()
               ^
/Users/yakupsuda/YakupSuda_Projeler/QuranApp/NurVakti/ViewModels/SettingsViewModel.swift:19:93: warning: main actor-isolated static property 'shared' can not be referenced from a nonisolated context
    init(persistService: PersistenceService = .shared, notifService: NotificationService = .shared) {
                                                                                            ^
/Users/yakupsuda/YakupSuda_Projeler/QuranApp/NurVakti/Services/NotificationService.swift:6:16: note: static property declared here
    static let shared = NotificationService()
               ^
/Users/yakupsuda/YakupSuda_Projeler/QuranApp/NurVakti/ViewModels/DhikrViewModel.swift:18:48: warning: main actor-isolated static property 'shared' can not be referenced from a nonisolated context
    init(persistService: PersistenceService = .shared) {
                                               ^
/Users/yakupsuda/YakupSuda_Projeler/QuranApp/NurVakti/Services/PersistenceService.swift:6:16: note: static property declared here
    static let shared = PersistenceService()
               ^
/Users/yakupsuda/YakupSuda_Projeler/QuranApp/NurVakti/ViewModels/AlarmViewModel.swift:15:48: warning: main actor-isolated static property 'shared' can not be referenced from a nonisolated context
    init(persistService: PersistenceService = .shared, notifService: NotificationService = .shared) {
                                               ^
/Users/yakupsuda/YakupSuda_Projeler/QuranApp/NurVakti/Services/PersistenceService.swift:6:16: note: static property declared here
    static let shared = PersistenceService()
               ^
/Users/yakupsuda/YakupSuda_Projeler/QuranApp/NurVakti/ViewModels/AlarmViewModel.swift:15:93: warning: main actor-isolated static property 'shared' can not be referenced from a nonisolated context
    init(persistService: PersistenceService = .shared, notifService: NotificationService = .shared) {
                                                                                            ^
/Users/yakupsuda/YakupSuda_Projeler/QuranApp/NurVakti/Services/NotificationService.swift:6:16: note: static property declared here
    static let shared = NotificationService()
               ^
/Users/yakupsuda/YakupSuda_Projeler/QuranApp/NurVakti/ViewModels/OnboardingViewModel.swift:21:45: warning: call to main actor-isolated initializer 'init()' in a synchronous nonisolated context
    init(locationService: LocationService = LocationService(),
                                            ^
/Users/yakupsuda/YakupSuda_Projeler/QuranApp/NurVakti/Services/LocationService.swift:14:14: note: calls to initializer 'init()' from outside of its actor context are implicitly asynchronous
    override init() {
             ^
/Users/yakupsuda/YakupSuda_Projeler/QuranApp/NurVakti/ViewModels/OnboardingViewModel.swift:22:47: warning: main actor-isolated static property 'shared' can not be referenced from a nonisolated context
         notifService: NotificationService = .shared) {
                                              ^
/Users/yakupsuda/YakupSuda_Projeler/QuranApp/NurVakti/Services/NotificationService.swift:6:16: note: static property declared here
    static let shared = NotificationService()
               ^

SwiftCompile normal arm64 Compiling\ AddDhikrView.swift /Users/yakupsuda/YakupSuda_Projeler/QuranApp/NurVakti/Views/Dhikr/AddDhikrView.swift (in target 'NurVakti' from project 'NurVakti')

SwiftCompile normal arm64 /Users/yakupsuda/YakupSuda_Projeler/QuranApp/NurVakti/Views/Dhikr/AddDhikrView.swift (in target 'NurVakti' from project 'NurVakti')
    cd /Users/yakupsuda/YakupSuda_Projeler/QuranApp/NurVakti
    

SwiftCompile normal arm64 Compiling\ DhikrViewModel.swift /Users/yakupsuda/YakupSuda_Projeler/QuranApp/NurVakti/ViewModels/DhikrViewModel.swift (in target 'NurVakti' from project 'NurVakti')

SwiftCompile normal arm64 /Users/yakupsuda/YakupSuda_Projeler/QuranApp/NurVakti/ViewModels/DhikrViewModel.swift (in target 'NurVakti' from project 'NurVakti')
    cd /Users/yakupsuda/YakupSuda_Projeler/QuranApp/NurVakti
    
/Users/yakupsuda/YakupSuda_Projeler/QuranApp/NurVakti/ViewModels/DhikrViewModel.swift:18:48: warning: main actor-isolated static property 'shared' can not be referenced from a nonisolated context
    init(persistService: PersistenceService = .shared) {
                                               ^
/Users/yakupsuda/YakupSuda_Projeler/QuranApp/NurVakti/Services/PersistenceService.swift:6:16: note: static property declared here
    static let shared = PersistenceService()
               ^

SwiftCompile normal arm64 Compiling\ DhikrView.swift /Users/yakupsuda/YakupSuda_Projeler/QuranApp/NurVakti/Views/Dhikr/DhikrView.swift (in target 'NurVakti' from project 'NurVakti')
SwiftCompile normal arm64 /Users/yakupsuda/YakupSuda_Projeler/QuranApp/NurVakti/Views/Dhikr/DhikrView.swift (in target 'NurVakti' from project 'NurVakti')
    cd /Users/yakupsuda/YakupSuda_Projeler/QuranApp/NurVakti
    
/Users/yakupsuda/YakupSuda_Projeler/QuranApp/NurVakti/Core/Components/LanguagePicker.swift:48:5: warning: '@State' used inline will not work unless tagged with '@Previewable' (from macro 'Preview')
    @State var lang: LanguageCode = .tr
    ^
/Users/yakupsuda/YakupSuda_Projeler/QuranApp/NurVakti/Core/Components/LanguagePicker.swift:48:5: note: Add '@Previewable'
    @State var lang: LanguageCode = .tr
    ^~~~~~
    @Previewable @State
/Users/yakupsuda/YakupSuda_Projeler/QuranApp/NurVakti/Core/Components/DhikrCounterView.swift:145:5: warning: '@State' used inline will not work unless tagged with '@Previewable' (from macro 'Preview')
    @State var item = DhikrItem(id: UUID(), type: .subhanallah, arabicText: "سبحان الله", transliterationTR: "", meanings: [:], targetCount: 33, currentCount: 10, isCustom: false, vibrateOnCount: true, dailyCompletions: 0, totalCompletions: 0)
/Users/yakupsuda/YakupSuda_Projeler/QuranApp/NurVakti/Core/Components/DhikrCounterView.swift:145:5: note: Add '@Previewable'
    @State var item = DhikrItem(id: UUID(), type: .subhanallah, arabicText: "سبحان الله", transliterationTR: "", meanings: [:], targetCount: 33, currentCount: 10, isCustom: false, vibrateOnCount: true, dailyCompletions: 0, totalCompletions: 0)
/Users/yakupsuda/YakupSuda_Projeler/QuranApp/NurVakti/ViewModels/DhikrViewModel.swift:18:48: warning: main actor-isolated static property 'shared' can not be referenced from a nonisolated context
    init(persistService: PersistenceService = .shared) {
                                               ^
/Users/yakupsuda/YakupSuda_Projeler/QuranApp/NurVakti/Services/PersistenceService.swift:6:16: note: static property declared here
    static let shared = PersistenceService()
               ^

SwiftDriverJobDiscovery normal arm64 Compiling DhikrViewModel.swift (in target 'NurVakti' from project 'NurVakti')

SwiftDriverJobDiscovery normal arm64 Compiling AddDhikrView.swift (in target 'NurVakti' from project 'NurVakti')

SwiftDriverJobDiscovery normal arm64 Emitting module for NurVakti (in target 'NurVakti' from project 'NurVakti')

SwiftDriver\ Compilation\ Requirements NurVakti normal arm64 com.apple.xcode.tools.swift.compiler (in target 'NurVakti' from project 'NurVakti')
    cd /Users/yakupsuda/YakupSuda_Projeler/QuranApp/NurVakti
    builtin-Swift-Compilation-Requirements -- /Applications/Xcode.app/Contents/Developer/Toolchains/XcodeDefault.xctoolchain/usr/bin/swiftc -module-name NurVakti -Onone -enforce-exclusivity\=checked @/Users/yakupsuda/Library/Developer/Xcode/DerivedData/NurVakti-cheathitegrullcaifchmmgaczyp/Build/Intermediates.noindex/NurVakti.build/Debug-iphoneos/NurVakti.build/Objects-normal/arm64/NurVakti.SwiftFileList -DDEBUG -default-isolation\=MainActor -enable-bare-slash-regex -enable-upcoming-feature DisableOutwardActorInference -enable-upcoming-feature InferSendableFromCaptures -enable-upcoming-feature GlobalActorIsolatedTypesUsability -enable-upcoming-feature MemberImportVisibility -enable-upcoming-feature InferIsolatedConformances -enable-upcoming-feature NonisolatedNonsendingByDefault -enable-experimental-feature DebugDescriptionMacro -sdk /Applications/Xcode.app/Contents/Developer/Platforms/iPhoneOS.platform/Developer/SDKs/iPhoneOS26.1.sdk -target arm64-apple-ios26.1 -g -module-cache-path /Users/yakupsuda/Library/Developer/Xcode/DerivedData/ModuleCache.noindex -Xfrontend -serialize-debugging-options -enable-testing -index-store-path /Users/yakupsuda/Library/Developer/Xcode/DerivedData/NurVakti-cheathitegrullcaifchmmgaczyp/Index.noindex/DataStore -Xcc -D_LIBCPP_HARDENING_MODE\=_LIBCPP_HARDENING_MODE_DEBUG -swift-version 5 -I /Users/yakupsuda/Library/Developer/Xcode/DerivedData/NurVakti-cheathitegrullcaifchmmgaczyp/Build/Products/Debug-iphoneos -F /Users/yakupsuda/Library/Developer/Xcode/DerivedData/NurVakti-cheathitegrullcaifchmmgaczyp/Build/Products/Debug-iphoneos -emit-localized-strings -emit-localized-strings-path /Users/yakupsuda/Library/Developer/Xcode/DerivedData/NurVakti-cheathitegrullcaifchmmgaczyp/Build/Intermediates.noindex/NurVakti.build/Debug-iphoneos/NurVakti.build/Objects-normal/arm64 -c -j12 -enable-batch-mode -incremental -Xcc -ivfsstatcache -Xcc /Users/yakupsuda/Library/Developer/Xcode/DerivedData/SDKStatCaches.noindex/iphoneos26.1-23B77-69b33fc7382b27d9b5d46e82a00f8e78.sdkstatcache -output-file-map /Users/yakupsuda/Library/Developer/Xcode/DerivedData/NurVakti-cheathitegrullcaifchmmgaczyp/Build/Intermediates.noindex/NurVakti.build/Debug-iphoneos/NurVakti.build/Objects-normal/arm64/NurVakti-OutputFileMap.json -use-frontend-parseable-output -save-temps -no-color-diagnostics -explicit-module-build -module-cache-path /Users/yakupsuda/Library/Developer/Xcode/DerivedData/NurVakti-cheathitegrullcaifchmmgaczyp/Build/Intermediates.noindex/SwiftExplicitPrecompiledModules -clang-scanner-module-cache-path /Users/yakupsuda/Library/Developer/Xcode/DerivedData/ModuleCache.noindex -sdk-module-cache-path /Users/yakupsuda/Library/Developer/Xcode/DerivedData/ModuleCache.noindex -serialize-diagnostics -emit-dependencies -emit-module -emit-module-path /Users/yakupsuda/Library/Developer/Xcode/DerivedData/NurVakti-cheathitegrullcaifchmmgaczyp/Build/Intermediates.noindex/NurVakti.build/Debug-iphoneos/NurVakti.build/Objects-normal/arm64/NurVakti.swiftmodule -validate-clang-modules-once -clang-build-session-file /Users/yakupsuda/Library/Developer/Xcode/DerivedData/ModuleCache.noindex/Session.modulevalidation -Xcc -I/Users/yakupsuda/Library/Developer/Xcode/DerivedData/NurVakti-cheathitegrullcaifchmmgaczyp/Build/Intermediates.noindex/NurVakti.build/Debug-iphoneos/NurVakti.build/swift-overrides.hmap -emit-const-values -Xfrontend -const-gather-protocols-file -Xfrontend /Users/yakupsuda/Library/Developer/Xcode/DerivedData/NurVakti-cheathitegrullcaifchmmgaczyp/Build/Intermediates.noindex/NurVakti.build/Debug-iphoneos/NurVakti.build/Objects-normal/arm64/NurVakti_const_extract_protocols.json -Xcc -iquote -Xcc /Users/yakupsuda/Library/Developer/Xcode/DerivedData/NurVakti-cheathitegrullcaifchmmgaczyp/Build/Intermediates.noindex/NurVakti.build/Debug-iphoneos/NurVakti.build/NurVakti-generated-files.hmap -Xcc -I/Users/yakupsuda/Library/Developer/Xcode/DerivedData/NurVakti-cheathitegrullcaifchmmgaczyp/Build/Intermediates.noindex/NurVakti.build/Debug-iphoneos/NurVakti.build/NurVakti-own-target-headers.hmap -Xcc -I/Users/yakupsuda/Library/Developer/Xcode/DerivedData/NurVakti-cheathitegrullcaifchmmgaczyp/Build/Intermediates.noindex/NurVakti.build/Debug-iphoneos/NurVakti.build/NurVakti-all-target-headers.hmap -Xcc -iquote -Xcc /Users/yakupsuda/Library/Developer/Xcode/DerivedData/NurVakti-cheathitegrullcaifchmmgaczyp/Build/Intermediates.noindex/NurVakti.build/Debug-iphoneos/NurVakti.build/NurVakti-project-headers.hmap -Xcc -I/Users/yakupsuda/Library/Developer/Xcode/DerivedData/NurVakti-cheathitegrullcaifchmmgaczyp/Build/Products/Debug-iphoneos/include -Xcc -I/Users/yakupsuda/Library/Developer/Xcode/DerivedData/NurVakti-cheathitegrullcaifchmmgaczyp/Build/Intermediates.noindex/NurVakti.build/Debug-iphoneos/NurVakti.build/DerivedSources-normal/arm64 -Xcc -I/Users/yakupsuda/Library/Developer/Xcode/DerivedData/NurVakti-cheathitegrullcaifchmmgaczyp/Build/Intermediates.noindex/NurVakti.build/Debug-iphoneos/NurVakti.build/DerivedSources/arm64 -Xcc -I/Users/yakupsuda/Library/Developer/Xcode/DerivedData/NurVakti-cheathitegrullcaifchmmgaczyp/Build/Intermediates.noindex/NurVakti.build/Debug-iphoneos/NurVakti.build/DerivedSources -Xcc -DDEBUG\=1 -emit-objc-header -emit-objc-header-path /Users/yakupsuda/Library/Developer/Xcode/DerivedData/NurVakti-cheathitegrullcaifchmmgaczyp/Build/Intermediates.noindex/NurVakti.build/Debug-iphoneos/NurVakti.build/Objects-normal/arm64/NurVakti-Swift.h -working-directory /Users/yakupsuda/YakupSuda_Projeler/QuranApp/NurVakti -experimental-emit-module-separately -disable-cmo

SwiftDriverJobDiscovery normal arm64 Compiling DhikrView.swift (in target 'NurVakti' from project 'NurVakti')

SwiftDriver\ Compilation NurVakti normal arm64 com.apple.xcode.tools.swift.compiler (in target 'NurVakti' from project 'NurVakti')
    cd /Users/yakupsuda/YakupSuda_Projeler/QuranApp/NurVakti
    builtin-Swift-Compilation -- /Applications/Xcode.app/Contents/Developer/Toolchains/XcodeDefault.xctoolchain/usr/bin/swiftc -module-name NurVakti -Onone -enforce-exclusivity\=checked @/Users/yakupsuda/Library/Developer/Xcode/DerivedData/NurVakti-cheathitegrullcaifchmmgaczyp/Build/Intermediates.noindex/NurVakti.build/Debug-iphoneos/NurVakti.build/Objects-normal/arm64/NurVakti.SwiftFileList -DDEBUG -default-isolation\=MainActor -enable-bare-slash-regex -enable-upcoming-feature DisableOutwardActorInference -enable-upcoming-feature InferSendableFromCaptures -enable-upcoming-feature GlobalActorIsolatedTypesUsability -enable-upcoming-feature MemberImportVisibility -enable-upcoming-feature InferIsolatedConformances -enable-upcoming-feature NonisolatedNonsendingByDefault -enable-experimental-feature DebugDescriptionMacro -sdk /Applications/Xcode.app/Contents/Developer/Platforms/iPhoneOS.platform/Developer/SDKs/iPhoneOS26.1.sdk -target arm64-apple-ios26.1 -g -module-cache-path /Users/yakupsuda/Library/Developer/Xcode/DerivedData/ModuleCache.noindex -Xfrontend -serialize-debugging-options -enable-testing -index-store-path /Users/yakupsuda/Library/Developer/Xcode/DerivedData/NurVakti-cheathitegrullcaifchmmgaczyp/Index.noindex/DataStore -Xcc -D_LIBCPP_HARDENING_MODE\=_LIBCPP_HARDENING_MODE_DEBUG -swift-version 5 -I /Users/yakupsuda/Library/Developer/Xcode/DerivedData/NurVakti-cheathitegrullcaifchmmgaczyp/Build/Products/Debug-iphoneos -F /Users/yakupsuda/Library/Developer/Xcode/DerivedData/NurVakti-cheathitegrullcaifchmmgaczyp/Build/Products/Debug-iphoneos -emit-localized-strings -emit-localized-strings-path /Users/yakupsuda/Library/Developer/Xcode/DerivedData/NurVakti-cheathitegrullcaifchmmgaczyp/Build/Intermediates.noindex/NurVakti.build/Debug-iphoneos/NurVakti.build/Objects-normal/arm64 -c -j12 -enable-batch-mode -incremental -Xcc -ivfsstatcache -Xcc /Users/yakupsuda/Library/Developer/Xcode/DerivedData/SDKStatCaches.noindex/iphoneos26.1-23B77-69b33fc7382b27d9b5d46e82a00f8e78.sdkstatcache -output-file-map /Users/yakupsuda/Library/Developer/Xcode/DerivedData/NurVakti-cheathitegrullcaifchmmgaczyp/Build/Intermediates.noindex/NurVakti.build/Debug-iphoneos/NurVakti.build/Objects-normal/arm64/NurVakti-OutputFileMap.json -use-frontend-parseable-output -save-temps -no-color-diagnostics -explicit-module-build -module-cache-path /Users/yakupsuda/Library/Developer/Xcode/DerivedData/NurVakti-cheathitegrullcaifchmmgaczyp/Build/Intermediates.noindex/SwiftExplicitPrecompiledModules -clang-scanner-module-cache-path /Users/yakupsuda/Library/Developer/Xcode/DerivedData/ModuleCache.noindex -sdk-module-cache-path /Users/yakupsuda/Library/Developer/Xcode/DerivedData/ModuleCache.noindex -serialize-diagnostics -emit-dependencies -emit-module -emit-module-path /Users/yakupsuda/Library/Developer/Xcode/DerivedData/NurVakti-cheathitegrullcaifchmmgaczyp/Build/Intermediates.noindex/NurVakti.build/Debug-iphoneos/NurVakti.build/Objects-normal/arm64/NurVakti.swiftmodule -validate-clang-modules-once -clang-build-session-file /Users/yakupsuda/Library/Developer/Xcode/DerivedData/ModuleCache.noindex/Session.modulevalidation -Xcc -I/Users/yakupsuda/Library/Developer/Xcode/DerivedData/NurVakti-cheathitegrullcaifchmmgaczyp/Build/Intermediates.noindex/NurVakti.build/Debug-iphoneos/NurVakti.build/swift-overrides.hmap -emit-const-values -Xfrontend -const-gather-protocols-file -Xfrontend /Users/yakupsuda/Library/Developer/Xcode/DerivedData/NurVakti-cheathitegrullcaifchmmgaczyp/Build/Intermediates.noindex/NurVakti.build/Debug-iphoneos/NurVakti.build/Objects-normal/arm64/NurVakti_const_extract_protocols.json -Xcc -iquote -Xcc /Users/yakupsuda/Library/Developer/Xcode/DerivedData/NurVakti-cheathitegrullcaifchmmgaczyp/Build/Intermediates.noindex/NurVakti.build/Debug-iphoneos/NurVakti.build/NurVakti-generated-files.hmap -Xcc -I/Users/yakupsuda/Library/Developer/Xcode/DerivedData/NurVakti-cheathitegrullcaifchmmgaczyp/Build/Intermediates.noindex/NurVakti.build/Debug-iphoneos/NurVakti.build/NurVakti-own-target-headers.hmap -Xcc -I/Users/yakupsuda/Library/Developer/Xcode/DerivedData/NurVakti-cheathitegrullcaifchmmgaczyp/Build/Intermediates.noindex/NurVakti.build/Debug-iphoneos/NurVakti.build/NurVakti-all-target-headers.hmap -Xcc -iquote -Xcc /Users/yakupsuda/Library/Developer/Xcode/DerivedData/NurVakti-cheathitegrullcaifchmmgaczyp/Build/Intermediates.noindex/NurVakti.build/Debug-iphoneos/NurVakti.build/NurVakti-project-headers.hmap -Xcc -I/Users/yakupsuda/Library/Developer/Xcode/DerivedData/NurVakti-cheathitegrullcaifchmmgaczyp/Build/Products/Debug-iphoneos/include -Xcc -I/Users/yakupsuda/Library/Developer/Xcode/DerivedData/NurVakti-cheathitegrullcaifchmmgaczyp/Build/Intermediates.noindex/NurVakti.build/Debug-iphoneos/NurVakti.build/DerivedSources-normal/arm64 -Xcc -I/Users/yakupsuda/Library/Developer/Xcode/DerivedData/NurVakti-cheathitegrullcaifchmmgaczyp/Build/Intermediates.noindex/NurVakti.build/Debug-iphoneos/NurVakti.build/DerivedSources/arm64 -Xcc -I/Users/yakupsuda/Library/Developer/Xcode/DerivedData/NurVakti-cheathitegrullcaifchmmgaczyp/Build/Intermediates.noindex/NurVakti.build/Debug-iphoneos/NurVakti.build/DerivedSources -Xcc -DDEBUG\=1 -emit-objc-header -emit-objc-header-path /Users/yakupsuda/Library/Developer/Xcode/DerivedData/NurVakti-cheathitegrullcaifchmmgaczyp/Build/Intermediates.noindex/NurVakti.build/Debug-iphoneos/NurVakti.build/Objects-normal/arm64/NurVakti-Swift.h -working-directory /Users/yakupsuda/YakupSuda_Projeler/QuranApp/NurVakti -experimental-emit-module-separately -disable-cmo

Ld /Users/yakupsuda/Library/Developer/Xcode/DerivedData/NurVakti-cheathitegrullcaifchmmgaczyp/Build/Products/Debug-iphoneos/NurVakti.app/NurVakti.debug.dylib normal (in target 'NurVakti' from project 'NurVakti')
    cd /Users/yakupsuda/YakupSuda_Projeler/QuranApp/NurVakti
    /Applications/Xcode.app/Contents/Developer/Toolchains/XcodeDefault.xctoolchain/usr/bin/clang -Xlinker -reproducible -target arm64-apple-ios26.1 -dynamiclib -isysroot /Applications/Xcode.app/Contents/Developer/Platforms/iPhoneOS.platform/Developer/SDKs/iPhoneOS26.1.sdk -O0 -L/Users/yakupsuda/Library/Developer/Xcode/DerivedData/NurVakti-cheathitegrullcaifchmmgaczyp/Build/Intermediates.noindex/EagerLinkingTBDs/Debug-iphoneos -L/Users/yakupsuda/Library/Developer/Xcode/DerivedData/NurVakti-cheathitegrullcaifchmmgaczyp/Build/Products/Debug-iphoneos -F/Users/yakupsuda/Library/Developer/Xcode/DerivedData/NurVakti-cheathitegrullcaifchmmgaczyp/Build/Intermediates.noindex/EagerLinkingTBDs/Debug-iphoneos -F/Users/yakupsuda/Library/Developer/Xcode/DerivedData/NurVakti-cheathitegrullcaifchmmgaczyp/Build/Products/Debug-iphoneos -filelist /Users/yakupsuda/Library/Developer/Xcode/DerivedData/NurVakti-cheathitegrullcaifchmmgaczyp/Build/Intermediates.noindex/NurVakti.build/Debug-iphoneos/NurVakti.build/Objects-normal/arm64/NurVakti.LinkFileList -install_name @rpath/NurVakti.debug.dylib -Xlinker -rpath -Xlinker @executable_path/Frameworks -dead_strip -Xlinker -object_path_lto -Xlinker /Users/yakupsuda/Library/Developer/Xcode/DerivedData/NurVakti-cheathitegrullcaifchmmgaczyp/Build/Intermediates.noindex/NurVakti.build/Debug-iphoneos/NurVakti.build/Objects-normal/arm64/NurVakti_lto.o -rdynamic -Xlinker -no_deduplicate -Xlinker -dependency_info -Xlinker /Users/yakupsuda/Library/Developer/Xcode/DerivedData/NurVakti-cheathitegrullcaifchmmgaczyp/Build/Intermediates.noindex/NurVakti.build/Debug-iphoneos/NurVakti.build/Objects-normal/arm64/NurVakti_dependency_info.dat -fobjc-link-runtime -L/Applications/Xcode.app/Contents/Developer/Toolchains/XcodeDefault.xctoolchain/usr/lib/swift/iphoneos -L/usr/lib/swift -Xlinker -add_ast_path -Xlinker /Users/yakupsuda/Library/Developer/Xcode/DerivedData/NurVakti-cheathitegrullcaifchmmgaczyp/Build/Intermediates.noindex/NurVakti.build/Debug-iphoneos/NurVakti.build/Objects-normal/arm64/NurVakti.swiftmodule @/Users/yakupsuda/Library/Developer/Xcode/DerivedData/NurVakti-cheathitegrullcaifchmmgaczyp/Build/Intermediates.noindex/NurVakti.build/Debug-iphoneos/NurVakti.build/Objects-normal/arm64/NurVakti-linker-args.resp -Xlinker -alias -Xlinker _main -Xlinker ___debug_main_executable_dylib_entry_point -o /Users/yakupsuda/Library/Developer/Xcode/DerivedData/NurVakti-cheathitegrullcaifchmmgaczyp/Build/Products/Debug-iphoneos/NurVakti.app/NurVakti.debug.dylib

CopySwiftLibs /Users/yakupsuda/Library/Developer/Xcode/DerivedData/NurVakti-cheathitegrullcaifchmmgaczyp/Build/Products/Debug-iphoneos/NurVakti.app (in target 'NurVakti' from project 'NurVakti')
    cd /Users/yakupsuda/YakupSuda_Projeler/QuranApp/NurVakti
    builtin-swiftStdLibTool --copy --verbose --scan-executable /Users/yakupsuda/Library/Developer/Xcode/DerivedData/NurVakti-cheathitegrullcaifchmmgaczyp/Build/Products/Debug-iphoneos/NurVakti.app/NurVakti.debug.dylib --scan-folder /Users/yakupsuda/Library/Developer/Xcode/DerivedData/NurVakti-cheathitegrullcaifchmmgaczyp/Build/Products/Debug-iphoneos/NurVakti.app/Frameworks --scan-folder /Users/yakupsuda/Library/Developer/Xcode/DerivedData/NurVakti-cheathitegrullcaifchmmgaczyp/Build/Products/Debug-iphoneos/NurVakti.app/PlugIns --scan-folder /Users/yakupsuda/Library/Developer/Xcode/DerivedData/NurVakti-cheathitegrullcaifchmmgaczyp/Build/Products/Debug-iphoneos/NurVakti.app/SystemExtensions --scan-folder /Users/yakupsuda/Library/Developer/Xcode/DerivedData/NurVakti-cheathitegrullcaifchmmgaczyp/Build/Products/Debug-iphoneos/NurVakti.app/Extensions --platform iphoneos --toolchain /Applications/Xcode.app/Contents/Developer/Toolchains/XcodeDefault.xctoolchain --destination /Users/yakupsuda/Library/Developer/Xcode/DerivedData/NurVakti-cheathitegrullcaifchmmgaczyp/Build/Products/Debug-iphoneos/NurVakti.app/Frameworks --strip-bitcode --strip-bitcode-tool /Applications/Xcode.app/Contents/Developer/Toolchains/XcodeDefault.xctoolchain/usr/bin/bitcode_strip --emit-dependency-info /Users/yakupsuda/Library/Developer/Xcode/DerivedData/NurVakti-cheathitegrullcaifchmmgaczyp/Build/Intermediates.noindex/NurVakti.build/Debug-iphoneos/NurVakti.build/SwiftStdLibToolInputDependencies.dep --filter-for-swift-os
Ignoring --strip-bitcode because --sign was not passed

ExtractAppIntentsMetadata (in target 'NurVakti' from project 'NurVakti')
    cd /Users/yakupsuda/YakupSuda_Projeler/QuranApp/NurVakti
    /Applications/Xcode.app/Contents/Developer/Toolchains/XcodeDefault.xctoolchain/usr/bin/appintentsmetadataprocessor --toolchain-dir /Applications/Xcode.app/Contents/Developer/Toolchains/XcodeDefault.xctoolchain --module-name NurVakti --sdk-root /Applications/Xcode.app/Contents/Developer/Platforms/iPhoneOS.platform/Developer/SDKs/iPhoneOS26.1.sdk --xcode-version 17B100 --platform-family iOS --deployment-target 26.1 --bundle-identifier yakupsuda.NurVakti --output /Users/yakupsuda/Library/Developer/Xcode/DerivedData/NurVakti-cheathitegrullcaifchmmgaczyp/Build/Products/Debug-iphoneos/NurVakti.app --target-triple arm64-apple-ios26.1 --binary-file /Users/yakupsuda/Library/Developer/Xcode/DerivedData/NurVakti-cheathitegrullcaifchmmgaczyp/Build/Products/Debug-iphoneos/NurVakti.app/NurVakti --dependency-file /Users/yakupsuda/Library/Developer/Xcode/DerivedData/NurVakti-cheathitegrullcaifchmmgaczyp/Build/Intermediates.noindex/NurVakti.build/Debug-iphoneos/NurVakti.build/Objects-normal/arm64/NurVakti_dependency_info.dat --stringsdata-file /Users/yakupsuda/Library/Developer/Xcode/DerivedData/NurVakti-cheathitegrullcaifchmmgaczyp/Build/Intermediates.noindex/NurVakti.build/Debug-iphoneos/NurVakti.build/Objects-normal/arm64/ExtractedAppShortcutsMetadata.stringsdata --source-file-list /Users/yakupsuda/Library/Developer/Xcode/DerivedData/NurVakti-cheathitegrullcaifchmmgaczyp/Build/Intermediates.noindex/NurVakti.build/Debug-iphoneos/NurVakti.build/Objects-normal/arm64/NurVakti.SwiftFileList --metadata-file-list /Users/yakupsuda/Library/Developer/Xcode/DerivedData/NurVakti-cheathitegrullcaifchmmgaczyp/Build/Intermediates.noindex/NurVakti.build/Debug-iphoneos/NurVakti.build/NurVakti.DependencyMetadataFileList --static-metadata-file-list /Users/yakupsuda/Library/Developer/Xcode/DerivedData/NurVakti-cheathitegrullcaifchmmgaczyp/Build/Intermediates.noindex/NurVakti.build/Debug-iphoneos/NurVakti.build/NurVakti.DependencyStaticMetadataFileList --swift-const-vals-list /Users/yakupsuda/Library/Developer/Xcode/DerivedData/NurVakti-cheathitegrullcaifchmmgaczyp/Build/Intermediates.noindex/NurVakti.build/Debug-iphoneos/NurVakti.build/Objects-normal/arm64/NurVakti.SwiftConstValuesFileList --compile-time-extraction --deployment-aware-processing --validate-assistant-intents --no-app-shortcuts-localization
2026-03-23 18:40:15.513 appintentsmetadataprocessor[53408:135617324] Starting appintentsmetadataprocessor export
2026-03-23 18:40:15.624 appintentsmetadataprocessor[53408:135617324] Extracted no relevant App Intents symbols, skipping writing output

** BUILD SUCCEEDED **

